
ROM used:   2167/8192 (26%)
            3013/8192 (37%) including unused fragments

            1.7 Average locations per line
            12.5 Average locations per statement

RAM used:   120/368 (33%) at main() level
            302/368 (82%) worst case

Stack used: 5 worst case (5 in main + 0 for interrupts)
Stack size: 8

Lines Stmts  %   Files
----- ----- ---  -----
  127    89  51  main.c
  672     0   0  ..\..\..\..\Program Files (x86)\PICC\Devices\16F877A.h
  456    84  49  ..\..\..\..\Program Files (x86)\PICC\Drivers\lcd.c
----- -----
 1255   173 Total

Page ROM  %  RAM    Vol Diff  Functions:
---- --- --- ---    --- ----  ----------
0     21   1    1             @delay_ms1
 Inline         3    596  5.9  lcd_read_byte
0      6   0    0     59  4.2  lcd_read_nibble
0     16   1    1    179  3.3  lcd_send_nibble
0     95   4    3    460  4.7  lcd_send_byte
0     92   4    6    814  7.2  lcd_init
0     22   1    4    208  6.3  lcd_gotoxy
0     72   3    1    354  4.7  lcd_putc
1    965  45  107   4209 11.0  MAIN
0      9   0    0             @const664
0    108   5    4             @PSTRINGC7_646
0      9   0    0             @const669
0     48   2   13             @MUL3232
0     83   4   13             @DIV3232
0      6   0    0             @const677
0    110   5   12             @PRINTF_L32U_646
0    115   5    5             @PSTRINGCN7_646
0      9   0    0             @const682
0      5   0    0             @const683
0     27   1    5             @MUL1616
0     43   2    5             @DIV1616
0      8   0    0             @const695
0     25   1    3             @DIV88
0    111   5    6             @PRINTF_D_646
0     10   0    0             @const703
0      9   0    0             @const704
0      7   0    0             @const706
0    107   5    9             @PRINTF_LU_646
0      7   0    0             @const709
0      9   0    0             @const710
0      9   0    0             @const711
 Inline         0             @cinit1

Program metrics:
    Functions               8
    Statements              173
    Comments                219
    Volume (V)              9215
    Difficulty (D)          43.1
    Effort to implement (E) 397100
    Time to implement (T)   6 hours, 8 minutes
    Est Delivered Bugs (B)  2
    Cyclomatic Complexity   20
    Maintainability (MI)    132

 Segment     Used  Free
-----------  ----  ----
00000-00003     4  0  
00004-007FF  1198  846  
00800-00FFF   965  1083  
01000-017FF     0  2048  
01800-01FFF     0  2048  



